<html>
<head>
<title>TestNG:  Default test</title>
<link href="../testng.css" rel="stylesheet" type="text/css" />
<link href="../my-testng.css" rel="stylesheet" type="text/css" />

<style type="text/css">
.log { display: none;} 
.stack-trace { display: none;} 
</style>
<script type="text/javascript">
<!--
function flip(e) {
  current = e.style.display;
  if (current == 'block') {
    e.style.display = 'none';
    return 0;
  }
  else {
    e.style.display = 'block';
    return 1;
  }
}

function toggleBox(szDivId, elem, msg1, msg2)
{
  var res = -1;  if (document.getElementById) {
    res = flip(document.getElementById(szDivId));
  }
  else if (document.all) {
    // this is the way old msie versions work
    res = flip(document.all[szDivId]);
  }
  if(elem) {
    if(res == 0) elem.innerHTML = msg1; else elem.innerHTML = msg2;
  }

}

function toggleAllBoxes() {
  if (document.getElementsByTagName) {
    d = document.getElementsByTagName('div');
    for (i = 0; i < d.length; i++) {
      if (d[i].className == 'log') {
        flip(d[i]);
      }
    }
  }
}

// -->
</script>

</head>
<body>
<h2 align='center'>Default test</h2><table border='1' align="center">
<tr>
<td>Tests passed/Failed/Skipped:</td><td>5/5/0</td>
</tr><tr>
<td>Started on:</td><td>Tue Jan 20 10:30:49 IST 2026</td>
</tr>
<tr><td>Total time:</td><td>127 seconds (127942 ms)</td>
</tr><tr>
<td>Included groups:</td><td></td>
</tr><tr>
<td>Excluded groups:</td><td></td>
</tr>
</table><p/>
<small><i>(Hover the method name to see the test class name)</i></small><p/>
<table width='100%' border='1' class='invocation-failed'>
<tr><td colspan='4' align='center'><b>FAILED TESTS</b></td></tr>
<tr><td><b>Test method</b></td>
<td><b>Attribute(s)</b></td>
<td width="30%"><b>Exception</b></td>
<td width="10%"><b>Time (seconds)</b></td>
<td><b>Instance</b></td>
</tr>
<tr>
<td title='com.ibm.banking.runners.TestRunner.runScenario()'><b>runScenario</b><br>Test class: com.ibm.banking.runners.TestRunner<br>Test method: Runs Cucumber Scenarios<br>Parameters: "Filter by Month dropdown should open", "Financial Insights Page validation"</td>
<td><div><pre>org.openqa.selenium.TimeoutException: Expected condition failed: waiting for element to be clickable: By.xpath: //button[contains(text(),&apos;All Months&apos;)] (tried for 10 second(s) with 500 milliseconds interval)
Build info: version: &apos;4.39.0&apos;, revision: &apos;126f156aee&apos;
System info: os.name: &apos;Windows 11&apos;, os.arch: &apos;amd64&apos;, os.version: &apos;10.0&apos;, java.version: &apos;21.0.9&apos;
Driver info: org.openqa.selenium.firefox.FirefoxDriver
Capabilities {acceptInsecureCerts: true, browserName: firefox, browserVersion: 147.0.1, moz:accessibilityChecks: false, moz:buildID: 20260116091309, moz:geckodriverVersion: 0.36.0, moz:headless: false, moz:platformVersion: 10.0, moz:processID: 14024, moz:profile: C:\Users\SWAPNA~1\AppData\L..., moz:shutdownTimeout: 60000, moz:webdriverClick: true, moz:windowless: false, pageLoadStrategy: normal, platformName: windows, proxy: Proxy(), setWindowRect: true, strictFileInteractability: false, timeouts: {implicit: 0, pageLoad: 300000, script: 30000}, unhandledPromptBehavior: dismiss and notify, userAgent: Mozilla/5.0 (Windows NT 10....}
Session ID: 353f8883-4683-409b-8746-5c24bd95b0bf
	at org.openqa.selenium.support.ui.WebDriverWait.timeoutException(WebDriverWait.java:84)
	at org.openqa.selenium.support.ui.FluentWait.until(FluentWait.java:228)
	at com.ibm.framework.base.BasePage.waitForClickable(BasePage.java:22)
	at com.ibm.framework.base.BasePage.click(BasePage.java:26)
	at com.ibm.banking.pages.InsightsPage.clickFilterByMonth(InsightsPage.java:46)
	at com.ibm.banking.stepdefinitions.InsightsSteps.user_clicks_filter_by_month(InsightsSteps.java:58)
	at ✽.the user clicks on Filter by Month(file:///C:/Users/SWAPNANEELBANERJEE/Desktop/Git/Selenium-Banking-Project/src/test/resources/features/insights.feature:15)
</pre></div><a href='#' onClick='toggleBox("stack-trace530528285", this, "Click to show all stack frames", "Click to hide stack frames")'>Click to show all stack frames</a>
<div class='stack-trace' id='stack-trace530528285'><pre>org.openqa.selenium.TimeoutException: Expected condition failed: waiting for element to be clickable: By.xpath: //button[contains(text(),&apos;All Months&apos;)] (tried for 10 second(s) with 500 milliseconds interval)
Build info: version: &apos;4.39.0&apos;, revision: &apos;126f156aee&apos;
System info: os.name: &apos;Windows 11&apos;, os.arch: &apos;amd64&apos;, os.version: &apos;10.0&apos;, java.version: &apos;21.0.9&apos;
Driver info: org.openqa.selenium.firefox.FirefoxDriver
Capabilities {acceptInsecureCerts: true, browserName: firefox, browserVersion: 147.0.1, moz:accessibilityChecks: false, moz:buildID: 20260116091309, moz:geckodriverVersion: 0.36.0, moz:headless: false, moz:platformVersion: 10.0, moz:processID: 14024, moz:profile: C:\Users\SWAPNA~1\AppData\L..., moz:shutdownTimeout: 60000, moz:webdriverClick: true, moz:windowless: false, pageLoadStrategy: normal, platformName: windows, proxy: Proxy(), setWindowRect: true, strictFileInteractability: false, timeouts: {implicit: 0, pageLoad: 300000, script: 30000}, unhandledPromptBehavior: dismiss and notify, userAgent: Mozilla/5.0 (Windows NT 10....}
Session ID: 353f8883-4683-409b-8746-5c24bd95b0bf
	at org.openqa.selenium.support.ui.WebDriverWait.timeoutException(WebDriverWait.java:84)
	at org.openqa.selenium.support.ui.FluentWait.until(FluentWait.java:228)
	at com.ibm.framework.base.BasePage.waitForClickable(BasePage.java:22)
	at com.ibm.framework.base.BasePage.click(BasePage.java:26)
	at com.ibm.banking.pages.InsightsPage.clickFilterByMonth(InsightsPage.java:46)
	at com.ibm.banking.stepdefinitions.InsightsSteps.user_clicks_filter_by_month(InsightsSteps.java:58)
	at ✽.the user clicks on Filter by Month(file:///C:/Users/SWAPNANEELBANERJEE/Desktop/Git/Selenium-Banking-Project/src/test/resources/features/insights.feature:15)
</pre></div></td>
<td>24</td>
<td>com.ibm.banking.runners.TestRunner@65e98b1c</td></tr>
<tr>
<td title='com.ibm.banking.runners.TestRunner.runScenario()'><b>runScenario</b><br>Test class: com.ibm.banking.runners.TestRunner<br>Test method: Runs Cucumber Scenarios<br>Parameters: "View All Transactions button should work", "Financial Insights Page validation"</td>
<td><div><pre>org.openqa.selenium.TimeoutException: Expected condition failed: waiting for element to be clickable: By.xpath: //a[contains(text(),&apos;View All Transactions&apos;)] (tried for 10 second(s) with 500 milliseconds interval)
Build info: version: &apos;4.39.0&apos;, revision: &apos;126f156aee&apos;
System info: os.name: &apos;Windows 11&apos;, os.arch: &apos;amd64&apos;, os.version: &apos;10.0&apos;, java.version: &apos;21.0.9&apos;
Driver info: org.openqa.selenium.firefox.FirefoxDriver
Capabilities {acceptInsecureCerts: true, browserName: firefox, browserVersion: 147.0.1, moz:accessibilityChecks: false, moz:buildID: 20260116091309, moz:geckodriverVersion: 0.36.0, moz:headless: false, moz:platformVersion: 10.0, moz:processID: 15660, moz:profile: C:\Users\SWAPNA~1\AppData\L..., moz:shutdownTimeout: 60000, moz:webdriverClick: true, moz:windowless: false, pageLoadStrategy: normal, platformName: windows, proxy: Proxy(), setWindowRect: true, strictFileInteractability: false, timeouts: {implicit: 0, pageLoad: 300000, script: 30000}, unhandledPromptBehavior: dismiss and notify, userAgent: Mozilla/5.0 (Windows NT 10....}
Session ID: 9a5aed39-de28-4932-acb0-985eaea5c78f
	at org.openqa.selenium.support.ui.WebDriverWait.timeoutException(WebDriverWait.java:84)
	at org.openqa.selenium.support.ui.FluentWait.until(FluentWait.java:228)
	at com.ibm.framework.base.BasePage.waitForClickable(BasePage.java:22)
	at com.ibm.framework.base.BasePage.click(BasePage.java:26)
	at com.ibm.banking.pages.InsightsPage.clickViewAllTransactions(InsightsPage.java:38)
	at com.ibm.banking.stepdefinitions.InsightsSteps.user_clicks_view_all_transactions(InsightsSteps.java:45)
	at ✽.the user clicks on View All Transactions(file:///C:/Users/SWAPNANEELBANERJEE/Desktop/Git/Selenium-Banking-Project/src/test/resources/features/insights.feature:11)
</pre></div><a href='#' onClick='toggleBox("stack-trace1825662118", this, "Click to show all stack frames", "Click to hide stack frames")'>Click to show all stack frames</a>
<div class='stack-trace' id='stack-trace1825662118'><pre>org.openqa.selenium.TimeoutException: Expected condition failed: waiting for element to be clickable: By.xpath: //a[contains(text(),&apos;View All Transactions&apos;)] (tried for 10 second(s) with 500 milliseconds interval)
Build info: version: &apos;4.39.0&apos;, revision: &apos;126f156aee&apos;
System info: os.name: &apos;Windows 11&apos;, os.arch: &apos;amd64&apos;, os.version: &apos;10.0&apos;, java.version: &apos;21.0.9&apos;
Driver info: org.openqa.selenium.firefox.FirefoxDriver
Capabilities {acceptInsecureCerts: true, browserName: firefox, browserVersion: 147.0.1, moz:accessibilityChecks: false, moz:buildID: 20260116091309, moz:geckodriverVersion: 0.36.0, moz:headless: false, moz:platformVersion: 10.0, moz:processID: 15660, moz:profile: C:\Users\SWAPNA~1\AppData\L..., moz:shutdownTimeout: 60000, moz:webdriverClick: true, moz:windowless: false, pageLoadStrategy: normal, platformName: windows, proxy: Proxy(), setWindowRect: true, strictFileInteractability: false, timeouts: {implicit: 0, pageLoad: 300000, script: 30000}, unhandledPromptBehavior: dismiss and notify, userAgent: Mozilla/5.0 (Windows NT 10....}
Session ID: 9a5aed39-de28-4932-acb0-985eaea5c78f
	at org.openqa.selenium.support.ui.WebDriverWait.timeoutException(WebDriverWait.java:84)
	at org.openqa.selenium.support.ui.FluentWait.until(FluentWait.java:228)
	at com.ibm.framework.base.BasePage.waitForClickable(BasePage.java:22)
	at com.ibm.framework.base.BasePage.click(BasePage.java:26)
	at com.ibm.banking.pages.InsightsPage.clickViewAllTransactions(InsightsPage.java:38)
	at com.ibm.banking.stepdefinitions.InsightsSteps.user_clicks_view_all_transactions(InsightsSteps.java:45)
	at ✽.the user clicks on View All Transactions(file:///C:/Users/SWAPNANEELBANERJEE/Desktop/Git/Selenium-Banking-Project/src/test/resources/features/insights.feature:11)
</pre></div></td>
<td>19</td>
<td>com.ibm.banking.runners.TestRunner@65e98b1c</td></tr>
<tr>
<td title='com.ibm.banking.runners.TestRunner.runScenario()'><b>runScenario</b><br>Test class: com.ibm.banking.runners.TestRunner<br>Test method: Runs Cucumber Scenarios<br>Parameters: "Unsuccessful login with invalid credentials", "Login Functionality for TDD Bank"</td>
<td><div><pre>java.lang.AssertionError: Login failed to show the correct Access Denied message. expected [Invalid credentials] but found [Access Denied: This account is not part of the authorized banking group.]
	at org.testng.Assert.fail(Assert.java:111)
	at org.testng.Assert.failNotEquals(Assert.java:1590)
	at org.testng.Assert.assertEqualsImpl(Assert.java:150)
	at org.testng.Assert.assertEquals(Assert.java:132)
	at org.testng.Assert.assertEquals(Assert.java:656)
	at com.ibm.banking.stepdefinitions.LoginSteps.user_should_see_error_message(LoginSteps.java:41)
	at ✽.the user should see an error message &quot;Invalid credentials&quot;(file:///C:/Users/SWAPNANEELBANERJEE/Desktop/Git/Selenium-Banking-Project/src/test/resources/features/login.feature:18)
</pre></div><a href='#' onClick='toggleBox("stack-trace584724454", this, "Click to show all stack frames", "Click to hide stack frames")'>Click to show all stack frames</a>
<div class='stack-trace' id='stack-trace584724454'><pre>java.lang.AssertionError: Login failed to show the correct Access Denied message. expected [Invalid credentials] but found [Access Denied: This account is not part of the authorized banking group.]
	at org.testng.Assert.fail(Assert.java:111)
	at org.testng.Assert.failNotEquals(Assert.java:1590)
	at org.testng.Assert.assertEqualsImpl(Assert.java:150)
	at org.testng.Assert.assertEquals(Assert.java:132)
	at org.testng.Assert.assertEquals(Assert.java:656)
	at com.ibm.banking.stepdefinitions.LoginSteps.user_should_see_error_message(LoginSteps.java:41)
	at ✽.the user should see an error message &quot;Invalid credentials&quot;(file:///C:/Users/SWAPNANEELBANERJEE/Desktop/Git/Selenium-Banking-Project/src/test/resources/features/login.feature:18)
</pre></div></td>
<td>8</td>
<td>com.ibm.banking.runners.TestRunner@65e98b1c</td></tr>
<tr>
<td title='com.ibm.banking.runners.TestRunner.runScenario()'><b>runScenario</b><br>Test class: com.ibm.banking.runners.TestRunner<br>Test method: Runs Cucumber Scenarios<br>Parameters: "Unsuccessful login with invalid credentials", "Login Functionality for TDD Bank"</td>
<td><div><pre>java.lang.AssertionError: Login failed to show the correct Access Denied message. expected [Invalid credentials] but found [Access Denied: This account is not part of the authorized banking group.]
	at org.testng.Assert.fail(Assert.java:111)
	at org.testng.Assert.failNotEquals(Assert.java:1590)
	at org.testng.Assert.assertEqualsImpl(Assert.java:150)
	at org.testng.Assert.assertEquals(Assert.java:132)
	at org.testng.Assert.assertEquals(Assert.java:656)
	at com.ibm.banking.stepdefinitions.LoginSteps.user_should_see_error_message(LoginSteps.java:41)
	at ✽.the user should see an error message &quot;Invalid credentials&quot;(file:///C:/Users/SWAPNANEELBANERJEE/Desktop/Git/Selenium-Banking-Project/src/test/resources/features/login.feature:18)
</pre></div><a href='#' onClick='toggleBox("stack-trace652268444", this, "Click to show all stack frames", "Click to hide stack frames")'>Click to show all stack frames</a>
<div class='stack-trace' id='stack-trace652268444'><pre>java.lang.AssertionError: Login failed to show the correct Access Denied message. expected [Invalid credentials] but found [Access Denied: This account is not part of the authorized banking group.]
	at org.testng.Assert.fail(Assert.java:111)
	at org.testng.Assert.failNotEquals(Assert.java:1590)
	at org.testng.Assert.assertEqualsImpl(Assert.java:150)
	at org.testng.Assert.assertEquals(Assert.java:132)
	at org.testng.Assert.assertEquals(Assert.java:656)
	at com.ibm.banking.stepdefinitions.LoginSteps.user_should_see_error_message(LoginSteps.java:41)
	at ✽.the user should see an error message &quot;Invalid credentials&quot;(file:///C:/Users/SWAPNANEELBANERJEE/Desktop/Git/Selenium-Banking-Project/src/test/resources/features/login.feature:18)
</pre></div></td>
<td>8</td>
<td>com.ibm.banking.runners.TestRunner@65e98b1c</td></tr>
<tr>
<td title='com.ibm.banking.runners.TestRunner.runScenario()'><b>runScenario</b><br>Test class: com.ibm.banking.runners.TestRunner<br>Test method: Runs Cucumber Scenarios<br>Parameters: "Unsuccessful login with invalid credentials", "Login Functionality for TDD Bank"</td>
<td><div><pre>java.lang.AssertionError: Login failed to show the correct Access Denied message. expected [Invalid credentials] but found [Access Denied: This account is not part of the authorized banking group.]
	at org.testng.Assert.fail(Assert.java:111)
	at org.testng.Assert.failNotEquals(Assert.java:1590)
	at org.testng.Assert.assertEqualsImpl(Assert.java:150)
	at org.testng.Assert.assertEquals(Assert.java:132)
	at org.testng.Assert.assertEquals(Assert.java:656)
	at com.ibm.banking.stepdefinitions.LoginSteps.user_should_see_error_message(LoginSteps.java:41)
	at ✽.the user should see an error message &quot;Invalid credentials&quot;(file:///C:/Users/SWAPNANEELBANERJEE/Desktop/Git/Selenium-Banking-Project/src/test/resources/features/login.feature:18)
</pre></div><a href='#' onClick='toggleBox("stack-trace1109218483", this, "Click to show all stack frames", "Click to hide stack frames")'>Click to show all stack frames</a>
<div class='stack-trace' id='stack-trace1109218483'><pre>java.lang.AssertionError: Login failed to show the correct Access Denied message. expected [Invalid credentials] but found [Access Denied: This account is not part of the authorized banking group.]
	at org.testng.Assert.fail(Assert.java:111)
	at org.testng.Assert.failNotEquals(Assert.java:1590)
	at org.testng.Assert.assertEqualsImpl(Assert.java:150)
	at org.testng.Assert.assertEquals(Assert.java:132)
	at org.testng.Assert.assertEquals(Assert.java:656)
	at com.ibm.banking.stepdefinitions.LoginSteps.user_should_see_error_message(LoginSteps.java:41)
	at ✽.the user should see an error message &quot;Invalid credentials&quot;(file:///C:/Users/SWAPNANEELBANERJEE/Desktop/Git/Selenium-Banking-Project/src/test/resources/features/login.feature:18)
</pre></div></td>
<td>22</td>
<td>com.ibm.banking.runners.TestRunner@65e98b1c</td></tr>
</table><p>
<table width='100%' border='1' class='invocation-passed'>
<tr><td colspan='4' align='center'><b>PASSED TESTS</b></td></tr>
<tr><td><b>Test method</b></td>
<td><b>Attribute(s)</b></td>
<td width="30%"><b>Exception</b></td>
<td width="10%"><b>Time (seconds)</b></td>
<td><b>Instance</b></td>
</tr>
<tr>
<td title='com.ibm.banking.runners.TestRunner.runScenario()'><b>runScenario</b><br>Test class: com.ibm.banking.runners.TestRunner<br>Test method: Runs Cucumber Scenarios<br>Parameters: "Navbar should be visible on Insights page", "Financial Insights Page validation"</td>
<td></td>
<td>8</td>
<td>com.ibm.banking.runners.TestRunner@65e98b1c</td></tr>
<tr>
<td title='com.ibm.banking.runners.TestRunner.runScenario()'><b>runScenario</b><br>Test class: com.ibm.banking.runners.TestRunner<br>Test method: Runs Cucumber Scenarios<br>Parameters: "Successful login with valid role-based credentials", "Login Functionality for TDD Bank"</td>
<td></td>
<td>8</td>
<td>com.ibm.banking.runners.TestRunner@65e98b1c</td></tr>
<tr>
<td title='com.ibm.banking.runners.TestRunner.runScenario()'><b>runScenario</b><br>Test class: com.ibm.banking.runners.TestRunner<br>Test method: Runs Cucumber Scenarios<br>Parameters: "Successful login with valid role-based credentials", "Login Functionality for TDD Bank"</td>
<td></td>
<td>10</td>
<td>com.ibm.banking.runners.TestRunner@65e98b1c</td></tr>
<tr>
<td title='com.ibm.banking.runners.TestRunner.runScenario()'><b>runScenario</b><br>Test class: com.ibm.banking.runners.TestRunner<br>Test method: Runs Cucumber Scenarios<br>Parameters: "Successful login with valid role-based credentials", "Login Functionality for TDD Bank"</td>
<td></td>
<td>8</td>
<td>com.ibm.banking.runners.TestRunner@65e98b1c</td></tr>
<tr>
<td title='com.ibm.banking.runners.TestRunner.runScenario()'><b>runScenario</b><br>Test class: com.ibm.banking.runners.TestRunner<br>Test method: Runs Cucumber Scenarios<br>Parameters: "Week Month Year buttons should be clickable", "Financial Insights Page validation"</td>
<td></td>
<td>8</td>
<td>com.ibm.banking.runners.TestRunner@65e98b1c</td></tr>
</table><p>
</body>
</html>