[{"line":1,"uri":"file:src/test/resources/features/insights.feature","id":"financial-insights-page-validation","keyword":"Feature","name":"Financial Insights Page validation","description":"","elements":[{"line":3,"type":"background","keyword":"Background","name":"","description":"","steps":[{"keyword":"Given ","line":4,"match":{"location":"com.ibm.banking.stepdefinitions.InsightsSteps.user_is_logged_in()"},"name":"the user is logged into TDDBank","result":{"duration":2221529100,"status":"passed"}},{"keyword":"And ","line":5,"match":{"location":"com.ibm.banking.stepdefinitions.InsightsSteps.user_navigates_to_insights()"},"name":"the user navigates to the Insights page","result":{"duration":110870300,"status":"passed"}}]},{"start_timestamp":"2026-01-20T05:00:49.811Z","line":7,"id":"financial-insights-page-validation;navbar-should-be-visible-on-insights-page","type":"scenario","keyword":"Scenario","name":"Navbar should be visible on Insights page","description":"","steps":[{"keyword":"Then ","line":8,"match":{"location":"com.ibm.banking.stepdefinitions.InsightsSteps.navbar_should_be_displayed()"},"name":"the navbar should be displayed","result":{"duration":36066000,"status":"passed"}}],"before":[{"match":{"location":"com.ibm.banking.hooks.Hooks.setUp()"},"result":{"duration":4628363900,"status":"passed"}}],"after":[{"match":{"location":"com.ibm.banking.hooks.Hooks.tearDown()"},"result":{"duration":1160586000,"status":"passed"}}]},{"line":3,"type":"background","keyword":"Background","name":"","description":"","steps":[{"keyword":"Given ","line":4,"match":{"location":"com.ibm.banking.stepdefinitions.InsightsSteps.user_is_logged_in()"},"name":"the user is logged into TDDBank","result":{"duration":2062287600,"status":"passed"}},{"keyword":"And ","line":5,"match":{"location":"com.ibm.banking.stepdefinitions.InsightsSteps.user_navigates_to_insights()"},"name":"the user navigates to the Insights page","result":{"duration":96268400,"status":"passed"}}]},{"start_timestamp":"2026-01-20T05:00:57.995Z","line":10,"id":"financial-insights-page-validation;view-all-transactions-button-should-work","type":"scenario","keyword":"Scenario","name":"View All Transactions button should work","description":"","steps":[{"keyword":"When ","line":11,"match":{"location":"com.ibm.banking.stepdefinitions.InsightsSteps.user_clicks_view_all_transactions()"},"name":"the user clicks on View All Transactions","result":{"duration":10082080600,"status":"failed","error_message":"org.openqa.selenium.TimeoutException: Expected condition failed: waiting for element to be clickable: By.xpath: //a[contains(text(),'View All Transactions')] (tried for 10 second(s) with 500 milliseconds interval)\nBuild info: version: '4.39.0', revision: '126f156aee'\nSystem info: os.name: 'Windows 11', os.arch: 'amd64', os.version: '10.0', java.version: '21.0.9'\nDriver info: org.openqa.selenium.firefox.FirefoxDriver\nCapabilities {acceptInsecureCerts: true, browserName: firefox, browserVersion: 147.0.1, moz:accessibilityChecks: false, moz:buildID: 20260116091309, moz:geckodriverVersion: 0.36.0, moz:headless: false, moz:platformVersion: 10.0, moz:processID: 15660, moz:profile: C:\\Users\\SWAPNA~1\\AppData\\L..., moz:shutdownTimeout: 60000, moz:webdriverClick: true, moz:windowless: false, pageLoadStrategy: normal, platformName: windows, proxy: Proxy(), setWindowRect: true, strictFileInteractability: false, timeouts: {implicit: 0, pageLoad: 300000, script: 30000}, unhandledPromptBehavior: dismiss and notify, userAgent: Mozilla/5.0 (Windows NT 10....}\nSession ID: 9a5aed39-de28-4932-acb0-985eaea5c78f\r\n\tat org.openqa.selenium.support.ui.WebDriverWait.timeoutException(WebDriverWait.java:84)\r\n\tat org.openqa.selenium.support.ui.FluentWait.until(FluentWait.java:228)\r\n\tat com.ibm.framework.base.BasePage.waitForClickable(BasePage.java:22)\r\n\tat com.ibm.framework.base.BasePage.click(BasePage.java:26)\r\n\tat com.ibm.banking.pages.InsightsPage.clickViewAllTransactions(InsightsPage.java:38)\r\n\tat com.ibm.banking.stepdefinitions.InsightsSteps.user_clicks_view_all_transactions(InsightsSteps.java:45)\r\n\tat ✽.the user clicks on View All Transactions(file:///C:/Users/SWAPNANEELBANERJEE/Desktop/Git/Selenium-Banking-Project/src/test/resources/features/insights.feature:11)\r\n"}},{"keyword":"Then ","line":12,"match":{"location":"com.ibm.banking.stepdefinitions.InsightsSteps.transactions_section_should_be_displayed()"},"name":"the transactions section should be displayed","result":{"status":"skipped"}}],"before":[{"match":{"location":"com.ibm.banking.hooks.Hooks.setUp()"},"result":{"duration":4917707300,"status":"passed"}}],"after":[{"match":{"location":"com.ibm.banking.hooks.Hooks.tearDown()"},"result":{"duration":2649639500,"status":"passed"}}]},{"line":3,"type":"background","keyword":"Background","name":"","description":"","steps":[{"keyword":"Given ","line":4,"match":{"location":"com.ibm.banking.stepdefinitions.InsightsSteps.user_is_logged_in()"},"name":"the user is logged into TDDBank","result":{"duration":2430226500,"status":"passed"}},{"keyword":"And ","line":5,"match":{"location":"com.ibm.banking.stepdefinitions.InsightsSteps.user_navigates_to_insights()"},"name":"the user navigates to the Insights page","result":{"duration":130113900,"status":"passed"}}]},{"start_timestamp":"2026-01-20T05:01:17.812Z","line":14,"id":"financial-insights-page-validation;filter-by-month-dropdown-should-open","type":"scenario","keyword":"Scenario","name":"Filter by Month dropdown should open","description":"","steps":[{"keyword":"When ","line":15,"match":{"location":"com.ibm.banking.stepdefinitions.InsightsSteps.user_clicks_filter_by_month()"},"name":"the user clicks on Filter by Month","result":{"duration":10495163000,"status":"failed","error_message":"org.openqa.selenium.TimeoutException: Expected condition failed: waiting for element to be clickable: By.xpath: //button[contains(text(),'All Months')] (tried for 10 second(s) with 500 milliseconds interval)\nBuild info: version: '4.39.0', revision: '126f156aee'\nSystem info: os.name: 'Windows 11', os.arch: 'amd64', os.version: '10.0', java.version: '21.0.9'\nDriver info: org.openqa.selenium.firefox.FirefoxDriver\nCapabilities {acceptInsecureCerts: true, browserName: firefox, browserVersion: 147.0.1, moz:accessibilityChecks: false, moz:buildID: 20260116091309, moz:geckodriverVersion: 0.36.0, moz:headless: false, moz:platformVersion: 10.0, moz:processID: 14024, moz:profile: C:\\Users\\SWAPNA~1\\AppData\\L..., moz:shutdownTimeout: 60000, moz:webdriverClick: true, moz:windowless: false, pageLoadStrategy: normal, platformName: windows, proxy: Proxy(), setWindowRect: true, strictFileInteractability: false, timeouts: {implicit: 0, pageLoad: 300000, script: 30000}, unhandledPromptBehavior: dismiss and notify, userAgent: Mozilla/5.0 (Windows NT 10....}\nSession ID: 353f8883-4683-409b-8746-5c24bd95b0bf\r\n\tat org.openqa.selenium.support.ui.WebDriverWait.timeoutException(WebDriverWait.java:84)\r\n\tat org.openqa.selenium.support.ui.FluentWait.until(FluentWait.java:228)\r\n\tat com.ibm.framework.base.BasePage.waitForClickable(BasePage.java:22)\r\n\tat com.ibm.framework.base.BasePage.click(BasePage.java:26)\r\n\tat com.ibm.banking.pages.InsightsPage.clickFilterByMonth(InsightsPage.java:46)\r\n\tat com.ibm.banking.stepdefinitions.InsightsSteps.user_clicks_filter_by_month(InsightsSteps.java:58)\r\n\tat ✽.the user clicks on Filter by Month(file:///C:/Users/SWAPNANEELBANERJEE/Desktop/Git/Selenium-Banking-Project/src/test/resources/features/insights.feature:15)\r\n"}},{"keyword":"Then ","line":16,"match":{"location":"com.ibm.banking.stepdefinitions.InsightsSteps.filter_dropdown_should_be_visible()"},"name":"the filter by month dropdown should be visible","result":{"status":"skipped"}}],"before":[{"match":{"location":"com.ibm.banking.hooks.Hooks.setUp()"},"result":{"duration":10082672200,"status":"passed"}}],"after":[{"match":{"location":"com.ibm.banking.hooks.Hooks.tearDown()"},"result":{"duration":1419547300,"status":"passed"}}]},{"line":3,"type":"background","keyword":"Background","name":"","description":"","steps":[{"keyword":"Given ","line":4,"match":{"location":"com.ibm.banking.stepdefinitions.InsightsSteps.user_is_logged_in()"},"name":"the user is logged into TDDBank","result":{"duration":2144733300,"status":"passed"}},{"keyword":"And ","line":5,"match":{"location":"com.ibm.banking.stepdefinitions.InsightsSteps.user_navigates_to_insights()"},"name":"the user navigates to the Insights page","result":{"duration":100660400,"status":"passed"}}]},{"start_timestamp":"2026-01-20T05:01:42.383Z","line":18,"id":"financial-insights-page-validation;week-month-year-buttons-should-be-clickable","type":"scenario","keyword":"Scenario","name":"Week Month Year buttons should be clickable","description":"","steps":[{"keyword":"Then ","line":19,"match":{"location":"com.ibm.banking.stepdefinitions.InsightsSteps.week_month_year_buttons_should_be_clickable()"},"name":"the Week Month Year buttons should be clickable","result":{"duration":608691700,"status":"passed"}}],"before":[{"match":{"location":"com.ibm.banking.hooks.Hooks.setUp()"},"result":{"duration":4442093000,"status":"passed"}}],"after":[{"match":{"location":"com.ibm.banking.hooks.Hooks.tearDown()"},"result":{"duration":1198071200,"status":"passed"}}]}],"tags":[]},{"line":1,"uri":"file:src/test/resources/features/login.feature","id":"login-functionality-for-tdd-bank","keyword":"Feature","name":"Login Functionality for TDD Bank","description":"","elements":[{"line":3,"type":"background","keyword":"Background","name":"","description":"","steps":[{"keyword":"Given ","line":4,"match":{"location":"com.ibm.banking.stepdefinitions.LoginSteps.user_is_on_login_page()"},"name":"the user is on the TDDBank login page","result":{"duration":372764300,"status":"passed"}}]},{"start_timestamp":"2026-01-20T05:01:50.885Z","line":12,"id":"login-functionality-for-tdd-bank;successful-login-with-valid-role-based-credentials;;2","type":"scenario","keyword":"Scenario Outline","name":"Successful login with valid role-based credentials","description":"","steps":[{"keyword":"When ","line":7,"match":{"location":"com.ibm.banking.stepdefinitions.LoginSteps.user_logs_in_with_credentials(java.lang.String,java.lang.String)","arguments":[{"val":"\"admin@tddbank.com\"","offset":29},{"val":"\"123456\"","offset":62}]},"name":"the user logs in using email \"admin@tddbank.com\" and password \"123456\"","result":{"duration":301665300,"status":"passed"}},{"keyword":"Then ","line":8,"match":{"location":"com.ibm.banking.stepdefinitions.LoginSteps.user_should_be_redirected_to_dashboard()"},"name":"the user should be redirected to the dashboard","result":{"duration":1562342200,"status":"passed"}}],"before":[{"match":{"location":"com.ibm.banking.hooks.Hooks.setUp()"},"result":{"duration":5009741500,"status":"passed"}}],"after":[{"match":{"location":"com.ibm.banking.hooks.Hooks.tearDown()"},"result":{"duration":1387384800,"status":"passed"}}]},{"line":3,"type":"background","keyword":"Background","name":"","description":"","steps":[{"keyword":"Given ","line":4,"match":{"location":"com.ibm.banking.stepdefinitions.LoginSteps.user_is_on_login_page()"},"name":"the user is on the TDDBank login page","result":{"duration":474902200,"status":"passed"}}]},{"start_timestamp":"2026-01-20T05:01:59.528Z","line":13,"id":"login-functionality-for-tdd-bank;successful-login-with-valid-role-based-credentials;;3","type":"scenario","keyword":"Scenario Outline","name":"Successful login with valid role-based credentials","description":"","steps":[{"keyword":"When ","line":7,"match":{"location":"com.ibm.banking.stepdefinitions.LoginSteps.user_logs_in_with_credentials(java.lang.String,java.lang.String)","arguments":[{"val":"\"manager@tddbank.com\"","offset":29},{"val":"\"bankmanager\"","offset":64}]},"name":"the user logs in using email \"manager@tddbank.com\" and password \"bankmanager\"","result":{"duration":272154000,"status":"passed"}},{"keyword":"Then ","line":8,"match":{"location":"com.ibm.banking.stepdefinitions.LoginSteps.user_should_be_redirected_to_dashboard()"},"name":"the user should be redirected to the dashboard","result":{"duration":1576184600,"status":"passed"}}],"before":[{"match":{"location":"com.ibm.banking.hooks.Hooks.setUp()"},"result":{"duration":5158933800,"status":"passed"}}],"after":[{"match":{"location":"com.ibm.banking.hooks.Hooks.tearDown()"},"result":{"duration":2680669600,"status":"passed"}}]},{"line":3,"type":"background","keyword":"Background","name":"","description":"","steps":[{"keyword":"Given ","line":4,"match":{"location":"com.ibm.banking.stepdefinitions.LoginSteps.user_is_on_login_page()"},"name":"the user is on the TDDBank login page","result":{"duration":333332700,"status":"passed"}}]},{"start_timestamp":"2026-01-20T05:02:09.696Z","line":14,"id":"login-functionality-for-tdd-bank;successful-login-with-valid-role-based-credentials;;4","type":"scenario","keyword":"Scenario Outline","name":"Successful login with valid role-based credentials","description":"","steps":[{"keyword":"When ","line":7,"match":{"location":"com.ibm.banking.stepdefinitions.LoginSteps.user_logs_in_with_credentials(java.lang.String,java.lang.String)","arguments":[{"val":"\"user@tddbank.com\"","offset":29},{"val":"\"password\"","offset":61}]},"name":"the user logs in using email \"user@tddbank.com\" and password \"password\"","result":{"duration":369918100,"status":"passed"}},{"keyword":"Then ","line":8,"match":{"location":"com.ibm.banking.stepdefinitions.LoginSteps.user_should_be_redirected_to_dashboard()"},"name":"the user should be redirected to the dashboard","result":{"duration":1569116000,"status":"passed"}}],"before":[{"match":{"location":"com.ibm.banking.hooks.Hooks.setUp()"},"result":{"duration":4912299400,"status":"passed"}}],"after":[{"match":{"location":"com.ibm.banking.hooks.Hooks.tearDown()"},"result":{"duration":1259035900,"status":"passed"}}]},{"line":3,"type":"background","keyword":"Background","name":"","description":"","steps":[{"keyword":"Given ","line":4,"match":{"location":"com.ibm.banking.stepdefinitions.LoginSteps.user_is_on_login_page()"},"name":"the user is on the TDDBank login page","result":{"duration":296785500,"status":"passed"}}]},{"start_timestamp":"2026-01-20T05:02:18.219Z","line":23,"id":"login-functionality-for-tdd-bank;unsuccessful-login-with-invalid-credentials;;2","type":"scenario","keyword":"Scenario Outline","name":"Unsuccessful login with invalid credentials","description":"","steps":[{"keyword":"When ","line":17,"match":{"location":"com.ibm.banking.stepdefinitions.LoginSteps.user_logs_in_with_credentials(java.lang.String,java.lang.String)","arguments":[{"val":"\"admin@tddbank.com\"","offset":29},{"val":"\"password\"","offset":62}]},"name":"the user logs in using email \"admin@tddbank.com\" and password \"password\"","result":{"duration":355558200,"status":"passed"}},{"keyword":"Then ","line":18,"match":{"location":"com.ibm.banking.stepdefinitions.LoginSteps.user_should_see_error_message(java.lang.String)","arguments":[{"val":"\"Invalid credentials\"","offset":37}]},"name":"the user should see an error message \"Invalid credentials\"","result":{"duration":1591612200,"status":"failed","error_message":"java.lang.AssertionError: Login failed to show the correct Access Denied message. expected [Invalid credentials] but found [Access Denied: This account is not part of the authorized banking group.]\r\n\tat org.testng.Assert.fail(Assert.java:111)\r\n\tat org.testng.Assert.failNotEquals(Assert.java:1590)\r\n\tat org.testng.Assert.assertEqualsImpl(Assert.java:150)\r\n\tat org.testng.Assert.assertEquals(Assert.java:132)\r\n\tat org.testng.Assert.assertEquals(Assert.java:656)\r\n\tat com.ibm.banking.stepdefinitions.LoginSteps.user_should_see_error_message(LoginSteps.java:41)\r\n\tat ✽.the user should see an error message \"Invalid credentials\"(file:///C:/Users/SWAPNANEELBANERJEE/Desktop/Git/Selenium-Banking-Project/src/test/resources/features/login.feature:18)\r\n"}},{"keyword":"And ","line":19,"match":{},"name":"the user should still be on the login page","result":{"status":"skipped"}}],"before":[{"match":{"location":"com.ibm.banking.hooks.Hooks.setUp()"},"result":{"duration":4963727500,"status":"passed"}}],"after":[{"match":{"location":"com.ibm.banking.hooks.Hooks.tearDown()"},"result":{"duration":1207447800,"status":"passed"}}]},{"line":3,"type":"background","keyword":"Background","name":"","description":"","steps":[{"keyword":"Given ","line":4,"match":{"location":"com.ibm.banking.stepdefinitions.LoginSteps.user_is_on_login_page()"},"name":"the user is on the TDDBank login page","result":{"duration":304059600,"status":"passed"}}]},{"start_timestamp":"2026-01-20T05:02:26.653Z","line":24,"id":"login-functionality-for-tdd-bank;unsuccessful-login-with-invalid-credentials;;3","type":"scenario","keyword":"Scenario Outline","name":"Unsuccessful login with invalid credentials","description":"","steps":[{"keyword":"When ","line":17,"match":{"location":"com.ibm.banking.stepdefinitions.LoginSteps.user_logs_in_with_credentials(java.lang.String,java.lang.String)","arguments":[{"val":"\"unknown@tddbank.com\"","offset":29},{"val":"\"bankmanager\"","offset":64}]},"name":"the user logs in using email \"unknown@tddbank.com\" and password \"bankmanager\"","result":{"duration":333161700,"status":"passed"}},{"keyword":"Then ","line":18,"match":{"location":"com.ibm.banking.stepdefinitions.LoginSteps.user_should_see_error_message(java.lang.String)","arguments":[{"val":"\"Invalid credentials\"","offset":37}]},"name":"the user should see an error message \"Invalid credentials\"","result":{"duration":1588426900,"status":"failed","error_message":"java.lang.AssertionError: Login failed to show the correct Access Denied message. expected [Invalid credentials] but found [Access Denied: This account is not part of the authorized banking group.]\r\n\tat org.testng.Assert.fail(Assert.java:111)\r\n\tat org.testng.Assert.failNotEquals(Assert.java:1590)\r\n\tat org.testng.Assert.assertEqualsImpl(Assert.java:150)\r\n\tat org.testng.Assert.assertEquals(Assert.java:132)\r\n\tat org.testng.Assert.assertEquals(Assert.java:656)\r\n\tat com.ibm.banking.stepdefinitions.LoginSteps.user_should_see_error_message(LoginSteps.java:41)\r\n\tat ✽.the user should see an error message \"Invalid credentials\"(file:///C:/Users/SWAPNANEELBANERJEE/Desktop/Git/Selenium-Banking-Project/src/test/resources/features/login.feature:18)\r\n"}},{"keyword":"And ","line":19,"match":{},"name":"the user should still be on the login page","result":{"status":"skipped"}}],"before":[{"match":{"location":"com.ibm.banking.hooks.Hooks.setUp()"},"result":{"duration":18637120600,"status":"passed"}}],"after":[{"match":{"location":"com.ibm.banking.hooks.Hooks.tearDown()"},"result":{"duration":1284434300,"status":"passed"}}]},{"line":3,"type":"background","keyword":"Background","name":"","description":"","steps":[{"keyword":"Given ","line":4,"match":{"location":"com.ibm.banking.stepdefinitions.LoginSteps.user_is_on_login_page()"},"name":"the user is on the TDDBank login page","result":{"duration":284203900,"status":"passed"}}]},{"start_timestamp":"2026-01-20T05:02:48.805Z","line":25,"id":"login-functionality-for-tdd-bank;unsuccessful-login-with-invalid-credentials;;4","type":"scenario","keyword":"Scenario Outline","name":"Unsuccessful login with invalid credentials","description":"","steps":[{"keyword":"When ","line":17,"match":{"location":"com.ibm.banking.stepdefinitions.LoginSteps.user_logs_in_with_credentials(java.lang.String,java.lang.String)","arguments":[{"val":"\"user1@tddbank.com\"","offset":29},{"val":"\"123456\"","offset":62}]},"name":"the user logs in using email \"user1@tddbank.com\" and password \"123456\"","result":{"duration":282716400,"status":"passed"}},{"keyword":"Then ","line":18,"match":{"location":"com.ibm.banking.stepdefinitions.LoginSteps.user_should_see_error_message(java.lang.String)","arguments":[{"val":"\"Invalid credentials\"","offset":37}]},"name":"the user should see an error message \"Invalid credentials\"","result":{"duration":1565508900,"status":"failed","error_message":"java.lang.AssertionError: Login failed to show the correct Access Denied message. expected [Invalid credentials] but found [Access Denied: This account is not part of the authorized banking group.]\r\n\tat org.testng.Assert.fail(Assert.java:111)\r\n\tat org.testng.Assert.failNotEquals(Assert.java:1590)\r\n\tat org.testng.Assert.assertEqualsImpl(Assert.java:150)\r\n\tat org.testng.Assert.assertEquals(Assert.java:132)\r\n\tat org.testng.Assert.assertEquals(Assert.java:656)\r\n\tat com.ibm.banking.stepdefinitions.LoginSteps.user_should_see_error_message(LoginSteps.java:41)\r\n\tat ✽.the user should see an error message \"Invalid credentials\"(file:///C:/Users/SWAPNANEELBANERJEE/Desktop/Git/Selenium-Banking-Project/src/test/resources/features/login.feature:18)\r\n"}},{"keyword":"And ","line":19,"match":{},"name":"the user should still be on the login page","result":{"status":"skipped"}}],"before":[{"match":{"location":"com.ibm.banking.hooks.Hooks.setUp()"},"result":{"duration":4935678400,"status":"passed"}}],"after":[{"match":{"location":"com.ibm.banking.hooks.Hooks.tearDown()"},"result":{"duration":1219569400,"status":"passed"}}]}],"tags":[]}]