<?xml version="1.0" encoding="UTF-8"?>
<testng-results ignored="0" total="5" passed="4" failed="1" skipped="0">
  <reporter-output>
  </reporter-output>
  <suite started-at="2026-01-20T13:16:21 IST" name="Default suite" finished-at="2026-01-20T13:17:40 IST" duration-ms="79208">
    <groups>
      <group name="cucumber">
        <method signature="AbstractTestNGCucumberTests.runScenario(io.cucumber.testng.PickleWrapper,io.cucumber.testng.FeatureWrapper)[pri:0, instance:com.ibm.banking.runners.TestRunner@3d285d7e]" name="runScenario" class="io.cucumber.testng.AbstractTestNGCucumberTests"/>
      </group> <!-- cucumber -->
    </groups>
    <test started-at="2026-01-20T13:16:21 IST" name="Default test" finished-at="2026-01-20T13:17:40 IST" duration-ms="79208">
      <class name="com.ibm.banking.runners.TestRunner">
        <test-method is-config="true" signature="setUpClass(org.testng.ITestContext)[pri:0, instance:com.ibm.banking.runners.TestRunner@3d285d7e]" started-at="2026-01-20T13:16:21 IST" name="setUpClass" finished-at="2026-01-20T13:16:22 IST" duration-ms="937" status="PASS">
          <params>
            <param index="0">
              <value>
                <![CDATA[org.testng.TestRunner@11d045b4]]>
              </value>
            </param>
          </params>
          <reporter-output>
          </reporter-output>
        </test-method> <!-- setUpClass -->
        <test-method signature="runScenario(io.cucumber.testng.PickleWrapper,io.cucumber.testng.FeatureWrapper)[pri:0, instance:com.ibm.banking.runners.TestRunner@3d285d7e]" started-at="2026-01-20T13:16:22 IST" name="runScenario" description="Runs Cucumber Scenarios" data-provider="scenarios" finished-at="2026-01-20T13:16:36 IST" duration-ms="13701" status="PASS">
          <params>
            <param index="0">
              <value>
                <![CDATA["Navbar should be visible on Insights page"]]>
              </value>
            </param>
            <param index="1">
              <value>
                <![CDATA["Financial Insights Page validation"]]>
              </value>
            </param>
          </params>
          <reporter-output>
          </reporter-output>
        </test-method> <!-- runScenario -->
        <test-method signature="runScenario(io.cucumber.testng.PickleWrapper,io.cucumber.testng.FeatureWrapper)[pri:0, instance:com.ibm.banking.runners.TestRunner@3d285d7e]" started-at="2026-01-20T13:16:36 IST" name="runScenario" description="Runs Cucumber Scenarios" data-provider="scenarios" finished-at="2026-01-20T13:16:54 IST" duration-ms="18075" status="FAIL">
          <params>
            <param index="0">
              <value>
                <![CDATA["View All Transactions button should work"]]>
              </value>
            </param>
            <param index="1">
              <value>
                <![CDATA["Financial Insights Page validation"]]>
              </value>
            </param>
          </params>
          <exception class="java.lang.AssertionError">
            <message>
              <![CDATA[Transactions section not visible expected [true] but found [false]]]>
            </message>
            <full-stacktrace>
              <![CDATA[java.lang.AssertionError: Transactions section not visible expected [true] but found [false]
at org.testng.Assert.fail(Assert.java:111)
at org.testng.Assert.failNotEquals(Assert.java:1590)
at org.testng.Assert.assertTrue(Assert.java:57)
at com.ibm.banking.stepdefinitions.InsightsSteps.transactions_section_should_be_displayed(InsightsSteps.java:50)
at ✽.the transactions section should be displayed(file:///C:/Users/DebojitBhattacharjee/eclipse-automation-workspace/com.ibm.BankingProject/src/test/resources/features/insights.feature:13)
]]>
            </full-stacktrace>
          </exception> <!-- java.lang.AssertionError -->
          <reporter-output>
          </reporter-output>
        </test-method> <!-- runScenario -->
        <test-method signature="runScenario(io.cucumber.testng.PickleWrapper,io.cucumber.testng.FeatureWrapper)[pri:0, instance:com.ibm.banking.runners.TestRunner@3d285d7e]" started-at="2026-01-20T13:16:54 IST" name="runScenario" description="Runs Cucumber Scenarios" data-provider="scenarios" finished-at="2026-01-20T13:17:13 IST" duration-ms="19058" status="PASS">
          <params>
            <param index="0">
              <value>
                <![CDATA["Filter by Month dropdown should open"]]>
              </value>
            </param>
            <param index="1">
              <value>
                <![CDATA["Financial Insights Page validation"]]>
              </value>
            </param>
          </params>
          <reporter-output>
          </reporter-output>
        </test-method> <!-- runScenario -->
        <test-method signature="runScenario(io.cucumber.testng.PickleWrapper,io.cucumber.testng.FeatureWrapper)[pri:0, instance:com.ibm.banking.runners.TestRunner@3d285d7e]" started-at="2026-01-20T13:17:13 IST" name="runScenario" description="Runs Cucumber Scenarios" data-provider="scenarios" finished-at="2026-01-20T13:17:27 IST" duration-ms="13820" status="PASS">
          <params>
            <param index="0">
              <value>
                <![CDATA["Filter by Year dropdown should open"]]>
              </value>
            </param>
            <param index="1">
              <value>
                <![CDATA["Financial Insights Page validation"]]>
              </value>
            </param>
          </params>
          <reporter-output>
          </reporter-output>
        </test-method> <!-- runScenario -->
        <test-method signature="runScenario(io.cucumber.testng.PickleWrapper,io.cucumber.testng.FeatureWrapper)[pri:0, instance:com.ibm.banking.runners.TestRunner@3d285d7e]" started-at="2026-01-20T13:17:27 IST" name="runScenario" description="Runs Cucumber Scenarios" data-provider="scenarios" finished-at="2026-01-20T13:17:40 IST" duration-ms="13350" status="PASS">
          <params>
            <param index="0">
              <value>
                <![CDATA["Week Month Year buttons should be clickable"]]>
              </value>
            </param>
            <param index="1">
              <value>
                <![CDATA["Financial Insights Page validation"]]>
              </value>
            </param>
          </params>
          <reporter-output>
          </reporter-output>
        </test-method> <!-- runScenario -->
        <test-method is-config="true" signature="tearDownClass()[pri:0, instance:com.ibm.banking.runners.TestRunner@3d285d7e]" started-at="2026-01-20T13:17:40 IST" name="tearDownClass" finished-at="2026-01-20T13:17:40 IST" duration-ms="144" status="PASS">
          <reporter-output>
          </reporter-output>
        </test-method> <!-- tearDownClass -->
      </class> <!-- com.ibm.banking.runners.TestRunner -->
    </test> <!-- Default test -->
  </suite> <!-- Default suite -->
</testng-results>
