<?xml version="1.0" encoding="UTF-8"?>
<testng-results ignored="0" total="6" passed="4" failed="2" skipped="0">
  <reporter-output>
  </reporter-output>
  <suite started-at="2026-01-20T00:50:50 IST" name="Default suite" finished-at="2026-01-20T00:52:12 IST" duration-ms="82319">
    <groups>
      <group name="cucumber">
        <method signature="AbstractTestNGCucumberTests.runScenario(io.cucumber.testng.PickleWrapper,io.cucumber.testng.FeatureWrapper)[pri:0, instance:com.ibm.banking.runners.TestRunner@3d285d7e]" name="runScenario" class="io.cucumber.testng.AbstractTestNGCucumberTests"/>
      </group> <!-- cucumber -->
    </groups>
    <test started-at="2026-01-20T00:50:50 IST" name="Default test" finished-at="2026-01-20T00:52:12 IST" duration-ms="82319">
      <class name="com.ibm.banking.runners.TestRunner">
        <test-method is-config="true" signature="setUpClass(org.testng.ITestContext)[pri:0, instance:com.ibm.banking.runners.TestRunner@3d285d7e]" started-at="2026-01-20T00:50:50 IST" name="setUpClass" finished-at="2026-01-20T00:50:51 IST" duration-ms="502" status="PASS">
          <params>
            <param index="0">
              <value>
                <![CDATA[org.testng.TestRunner@e91b4f4]]>
              </value>
            </param>
          </params>
          <reporter-output>
          </reporter-output>
        </test-method> <!-- setUpClass -->
        <test-method signature="runScenario(io.cucumber.testng.PickleWrapper,io.cucumber.testng.FeatureWrapper)[pri:0, instance:com.ibm.banking.runners.TestRunner@3d285d7e]" started-at="2026-01-20T00:50:51 IST" name="runScenario" description="Runs Cucumber Scenarios" data-provider="scenarios" finished-at="2026-01-20T00:51:03 IST" duration-ms="12807" status="PASS">
          <params>
            <param index="0">
              <value>
                <![CDATA["Navbar should be visible on Insights page"]]>
              </value>
            </param>
            <param index="1">
              <value>
                <![CDATA["Financial Insights Page validation"]]>
              </value>
            </param>
          </params>
          <reporter-output>
          </reporter-output>
        </test-method> <!-- runScenario -->
        <test-method signature="runScenario(io.cucumber.testng.PickleWrapper,io.cucumber.testng.FeatureWrapper)[pri:0, instance:com.ibm.banking.runners.TestRunner@3d285d7e]" started-at="2026-01-20T00:51:03 IST" name="runScenario" description="Runs Cucumber Scenarios" data-provider="scenarios" finished-at="2026-01-20T00:51:25 IST" duration-ms="21387" status="FAIL">
          <params>
            <param index="0">
              <value>
                <![CDATA["View All Transactions button should work"]]>
              </value>
            </param>
            <param index="1">
              <value>
                <![CDATA["Financial Insights Page validation"]]>
              </value>
            </param>
          </params>
          <exception class="org.openqa.selenium.TimeoutException">
            <message>
              <![CDATA[Expected condition failed: waiting for element to be clickable: By.xpath: //a[contains(text(),'View All Transactions')] (tried for 10 second(s) with 500 milliseconds interval)
Build info: version: '4.39.0', revision: '126f156aee'
System info: os.name: 'Windows 11', os.arch: 'amd64', os.version: '10.0', java.version: '17.0.12'
Driver info: org.openqa.selenium.firefox.FirefoxDriver
Capabilities {acceptInsecureCerts: true, browserName: firefox, browserVersion: 147.0.1, moz:accessibilityChecks: false, moz:buildID: 20260116091309, moz:geckodriverVersion: 0.36.0, moz:headless: false, moz:platformVersion: 10.0, moz:processID: 26436, moz:profile: C:\Users\DEBOJI~1\AppData\L..., moz:shutdownTimeout: 60000, moz:webdriverClick: true, moz:windowless: false, pageLoadStrategy: normal, platformName: windows, proxy: Proxy(), setWindowRect: true, strictFileInteractability: false, timeouts: {implicit: 0, pageLoad: 300000, script: 30000}, unhandledPromptBehavior: dismiss and notify, userAgent: Mozilla/5.0 (Windows NT 10....}
Session ID: c3774e66-ba40-4a22-b232-fdbd98e80fb2]]>
            </message>
            <full-stacktrace>
              <![CDATA[org.openqa.selenium.TimeoutException: Expected condition failed: waiting for element to be clickable: By.xpath: //a[contains(text(),'View All Transactions')] (tried for 10 second(s) with 500 milliseconds interval)
Build info: version: '4.39.0', revision: '126f156aee'
System info: os.name: 'Windows 11', os.arch: 'amd64', os.version: '10.0', java.version: '17.0.12'
Driver info: org.openqa.selenium.firefox.FirefoxDriver
Capabilities {acceptInsecureCerts: true, browserName: firefox, browserVersion: 147.0.1, moz:accessibilityChecks: false, moz:buildID: 20260116091309, moz:geckodriverVersion: 0.36.0, moz:headless: false, moz:platformVersion: 10.0, moz:processID: 26436, moz:profile: C:\Users\DEBOJI~1\AppData\L..., moz:shutdownTimeout: 60000, moz:webdriverClick: true, moz:windowless: false, pageLoadStrategy: normal, platformName: windows, proxy: Proxy(), setWindowRect: true, strictFileInteractability: false, timeouts: {implicit: 0, pageLoad: 300000, script: 30000}, unhandledPromptBehavior: dismiss and notify, userAgent: Mozilla/5.0 (Windows NT 10....}
Session ID: c3774e66-ba40-4a22-b232-fdbd98e80fb2
at org.openqa.selenium.support.ui.WebDriverWait.timeoutException(WebDriverWait.java:84)
at org.openqa.selenium.support.ui.FluentWait.until(FluentWait.java:228)
at com.ibm.framework.base.BasePage.waitForClickable(BasePage.java:22)
at com.ibm.framework.base.BasePage.click(BasePage.java:26)
at com.ibm.banking.pages.InsightsPage.clickViewAllTransactions(InsightsPage.java:38)
at com.ibm.banking.stepdefinitions.InsightsSteps.user_clicks_view_all_transactions(InsightsSteps.java:45)
at ✽.the user clicks on View All Transactions(file:///C:/Users/DebojitBhattacharjee/eclipse-automation-workspace/com.ibm.BankingProject/src/test/resources/features/insights.feature:11)
]]>
            </full-stacktrace>
          </exception> <!-- org.openqa.selenium.TimeoutException -->
          <reporter-output>
          </reporter-output>
        </test-method> <!-- runScenario -->
        <test-method signature="runScenario(io.cucumber.testng.PickleWrapper,io.cucumber.testng.FeatureWrapper)[pri:0, instance:com.ibm.banking.runners.TestRunner@3d285d7e]" started-at="2026-01-20T00:51:25 IST" name="runScenario" description="Runs Cucumber Scenarios" data-provider="scenarios" finished-at="2026-01-20T00:51:45 IST" duration-ms="20336" status="FAIL">
          <params>
            <param index="0">
              <value>
                <![CDATA["Filter by Month dropdown should open"]]>
              </value>
            </param>
            <param index="1">
              <value>
                <![CDATA["Financial Insights Page validation"]]>
              </value>
            </param>
          </params>
          <exception class="org.openqa.selenium.TimeoutException">
            <message>
              <![CDATA[Expected condition failed: waiting for element to be clickable: By.xpath: //button[contains(text(),'All Months')] (tried for 10 second(s) with 500 milliseconds interval)
Build info: version: '4.39.0', revision: '126f156aee'
System info: os.name: 'Windows 11', os.arch: 'amd64', os.version: '10.0', java.version: '17.0.12'
Driver info: org.openqa.selenium.firefox.FirefoxDriver
Capabilities {acceptInsecureCerts: true, browserName: firefox, browserVersion: 147.0.1, moz:accessibilityChecks: false, moz:buildID: 20260116091309, moz:geckodriverVersion: 0.36.0, moz:headless: false, moz:platformVersion: 10.0, moz:processID: 27800, moz:profile: C:\Users\DEBOJI~1\AppData\L..., moz:shutdownTimeout: 60000, moz:webdriverClick: true, moz:windowless: false, pageLoadStrategy: normal, platformName: windows, proxy: Proxy(), setWindowRect: true, strictFileInteractability: false, timeouts: {implicit: 0, pageLoad: 300000, script: 30000}, unhandledPromptBehavior: dismiss and notify, userAgent: Mozilla/5.0 (Windows NT 10....}
Session ID: 1f78ac5d-fa69-4863-9731-a360ecae21e9]]>
            </message>
            <full-stacktrace>
              <![CDATA[org.openqa.selenium.TimeoutException: Expected condition failed: waiting for element to be clickable: By.xpath: //button[contains(text(),'All Months')] (tried for 10 second(s) with 500 milliseconds interval)
Build info: version: '4.39.0', revision: '126f156aee'
System info: os.name: 'Windows 11', os.arch: 'amd64', os.version: '10.0', java.version: '17.0.12'
Driver info: org.openqa.selenium.firefox.FirefoxDriver
Capabilities {acceptInsecureCerts: true, browserName: firefox, browserVersion: 147.0.1, moz:accessibilityChecks: false, moz:buildID: 20260116091309, moz:geckodriverVersion: 0.36.0, moz:headless: false, moz:platformVersion: 10.0, moz:processID: 27800, moz:profile: C:\Users\DEBOJI~1\AppData\L..., moz:shutdownTimeout: 60000, moz:webdriverClick: true, moz:windowless: false, pageLoadStrategy: normal, platformName: windows, proxy: Proxy(), setWindowRect: true, strictFileInteractability: false, timeouts: {implicit: 0, pageLoad: 300000, script: 30000}, unhandledPromptBehavior: dismiss and notify, userAgent: Mozilla/5.0 (Windows NT 10....}
Session ID: 1f78ac5d-fa69-4863-9731-a360ecae21e9
at org.openqa.selenium.support.ui.WebDriverWait.timeoutException(WebDriverWait.java:84)
at org.openqa.selenium.support.ui.FluentWait.until(FluentWait.java:228)
at com.ibm.framework.base.BasePage.waitForClickable(BasePage.java:22)
at com.ibm.framework.base.BasePage.click(BasePage.java:26)
at com.ibm.banking.pages.InsightsPage.clickFilterByMonth(InsightsPage.java:46)
at com.ibm.banking.stepdefinitions.InsightsSteps.user_clicks_filter_by_month(InsightsSteps.java:58)
at ✽.the user clicks on Filter by Month(file:///C:/Users/DebojitBhattacharjee/eclipse-automation-workspace/com.ibm.BankingProject/src/test/resources/features/insights.feature:15)
]]>
            </full-stacktrace>
          </exception> <!-- org.openqa.selenium.TimeoutException -->
          <reporter-output>
          </reporter-output>
        </test-method> <!-- runScenario -->
        <test-method signature="runScenario(io.cucumber.testng.PickleWrapper,io.cucumber.testng.FeatureWrapper)[pri:0, instance:com.ibm.banking.runners.TestRunner@3d285d7e]" started-at="2026-01-20T00:51:45 IST" name="runScenario" description="Runs Cucumber Scenarios" data-provider="scenarios" finished-at="2026-01-20T00:51:53 IST" duration-ms="7666" status="PASS">
          <params>
            <param index="0">
              <value>
                <![CDATA["Week Month Year buttons should be clickable"]]>
              </value>
            </param>
            <param index="1">
              <value>
                <![CDATA["Financial Insights Page validation"]]>
              </value>
            </param>
          </params>
          <reporter-output>
          </reporter-output>
        </test-method> <!-- runScenario -->
        <test-method signature="runScenario(io.cucumber.testng.PickleWrapper,io.cucumber.testng.FeatureWrapper)[pri:0, instance:com.ibm.banking.runners.TestRunner@3d285d7e]" started-at="2026-01-20T00:51:53 IST" name="runScenario" description="Runs Cucumber Scenarios" data-provider="scenarios" finished-at="2026-01-20T00:52:00 IST" duration-ms="7250" status="PASS">
          <params>
            <param index="0">
              <value>
                <![CDATA["Successful login with different credentials"]]>
              </value>
            </param>
            <param index="1">
              <value>
                <![CDATA["Login Functionality for TDDBank"]]>
              </value>
            </param>
          </params>
          <reporter-output>
          </reporter-output>
        </test-method> <!-- runScenario -->
        <test-method signature="runScenario(io.cucumber.testng.PickleWrapper,io.cucumber.testng.FeatureWrapper)[pri:0, instance:com.ibm.banking.runners.TestRunner@3d285d7e]" started-at="2026-01-20T00:52:00 IST" name="runScenario" description="Runs Cucumber Scenarios" data-provider="scenarios" finished-at="2026-01-20T00:52:12 IST" duration-ms="12189" status="PASS">
          <params>
            <param index="0">
              <value>
                <![CDATA["Successful login with different credentials"]]>
              </value>
            </param>
            <param index="1">
              <value>
                <![CDATA["Login Functionality for TDDBank"]]>
              </value>
            </param>
          </params>
          <reporter-output>
          </reporter-output>
        </test-method> <!-- runScenario -->
        <test-method is-config="true" signature="tearDownClass()[pri:0, instance:com.ibm.banking.runners.TestRunner@3d285d7e]" started-at="2026-01-20T00:52:12 IST" name="tearDownClass" finished-at="2026-01-20T00:52:12 IST" duration-ms="118" status="PASS">
          <reporter-output>
          </reporter-output>
        </test-method> <!-- tearDownClass -->
      </class> <!-- com.ibm.banking.runners.TestRunner -->
    </test> <!-- Default test -->
  </suite> <!-- Default suite -->
</testng-results>
