<?xml version="1.0" encoding="UTF-8"?>
<!-- Generated by org.testng.reporters.JUnitReportReporter -->
<testsuite hostname="IBM-34FV4D4" failures="0" tests="3" name="com.ibm.banking.runners.TestRunner" time="33.228" errors="1" timestamp="2026-01-20T18:01:02 IST" skipped="0">
  <testcase classname="com.ibm.banking.runners.TestRunner" name="runScenario" time="8.256"/>
  <testcase classname="com.ibm.banking.runners.TestRunner" name="runScenario" time="17.438">
    <error message="Expected condition failed: waiting for visibility of element located by By.xpath: //label[contains(text(),&#039;ADDRESS&#039;)]/following-sibling::input (tried for 10 second(s) with 500 milliseconds interval)
Build info: version: &#039;4.39.0&#039;, revision: &#039;126f156aee&#039;
System info: os.name: &#039;Windows 11&#039;, os.arch: &#039;amd64&#039;, os.version: &#039;10.0&#039;, java.version: &#039;17.0.12&#039;
Driver info: org.openqa.selenium.firefox.FirefoxDriver
Capabilities {acceptInsecureCerts: true, browserName: firefox, browserVersion: 147.0.1, moz:accessibilityChecks: false, moz:buildID: 20260116091309, moz:geckodriverVersion: 0.36.0, moz:headless: false, moz:platformVersion: 10.0, moz:processID: 35816, moz:profile: C:\Users\DEBOJI~1\AppData\L..., moz:shutdownTimeout: 60000, moz:webdriverClick: true, moz:windowless: false, pageLoadStrategy: normal, platformName: windows, proxy: Proxy(), setWindowRect: true, strictFileInteractability: false, timeouts: {implicit: 0, pageLoad: 300000, script: 30000}, unhandledPromptBehavior: dismiss and notify, userAgent: Mozilla/5.0 (Windows NT 10....}
Session ID: 59bd3045-d0a4-41d8-a60d-077396e4a2cf" type="org.openqa.selenium.TimeoutException">
      <![CDATA[org.openqa.selenium.TimeoutException: Expected condition failed: waiting for visibility of element located by By.xpath: //label[contains(text(),'ADDRESS')]/following-sibling::input (tried for 10 second(s) with 500 milliseconds interval)
Build info: version: '4.39.0', revision: '126f156aee'
System info: os.name: 'Windows 11', os.arch: 'amd64', os.version: '10.0', java.version: '17.0.12'
Driver info: org.openqa.selenium.firefox.FirefoxDriver
Capabilities {acceptInsecureCerts: true, browserName: firefox, browserVersion: 147.0.1, moz:accessibilityChecks: false, moz:buildID: 20260116091309, moz:geckodriverVersion: 0.36.0, moz:headless: false, moz:platformVersion: 10.0, moz:processID: 35816, moz:profile: C:\Users\DEBOJI~1\AppData\L..., moz:shutdownTimeout: 60000, moz:webdriverClick: true, moz:windowless: false, pageLoadStrategy: normal, platformName: windows, proxy: Proxy(), setWindowRect: true, strictFileInteractability: false, timeouts: {implicit: 0, pageLoad: 300000, script: 30000}, unhandledPromptBehavior: dismiss and notify, userAgent: Mozilla/5.0 (Windows NT 10....}
Session ID: 59bd3045-d0a4-41d8-a60d-077396e4a2cf
at org.openqa.selenium.support.ui.WebDriverWait.timeoutException(WebDriverWait.java:84)
at org.openqa.selenium.support.ui.FluentWait.until(FluentWait.java:228)
at com.ibm.framework.base.BasePage.waitForVisible(BasePage.java:19)
at com.ibm.framework.base.BasePage.type(BasePage.java:31)
at com.ibm.banking.pages.AccSettingsPage.updateField(AccSettingsPage.java:71)
at com.ibm.banking.stepdefinitions.AccSettingsStep.the_user_updates_the_field_with(AccSettingsStep.java:66)
at ✽.the user updates the "ADDRESS" field with "123 Banking Lane, Test Colony"(file:///C:/Users/DebojitBhattacharjee/eclipse-automation-workspace/com.ibm.BankingProject/src/test/resources/features/accSettings.feature:22)
]]>
    </error>
  </testcase> <!-- runScenario -->
  <testcase classname="com.ibm.banking.runners.TestRunner" name="runScenario" time="7.534"/>
</testsuite> <!-- com.ibm.banking.runners.TestRunner -->
