<?xml version="1.0" encoding="UTF-8"?>
<!-- Generated by org.testng.reporters.JUnitReportReporter -->
<testsuite hostname="IBM-34FV4D4" failures="0" tests="6" name="com.ibm.banking.runners.TestRunner" time="81.635" errors="2" timestamp="2026-01-20T00:52:13 IST" skipped="0">
  <testcase classname="com.ibm.banking.runners.TestRunner" name="runScenario" time="20.336">
    <error message="Expected condition failed: waiting for element to be clickable: By.xpath: //button[contains(text(),&#039;All Months&#039;)] (tried for 10 second(s) with 500 milliseconds interval)
Build info: version: &#039;4.39.0&#039;, revision: &#039;126f156aee&#039;
System info: os.name: &#039;Windows 11&#039;, os.arch: &#039;amd64&#039;, os.version: &#039;10.0&#039;, java.version: &#039;17.0.12&#039;
Driver info: org.openqa.selenium.firefox.FirefoxDriver
Capabilities {acceptInsecureCerts: true, browserName: firefox, browserVersion: 147.0.1, moz:accessibilityChecks: false, moz:buildID: 20260116091309, moz:geckodriverVersion: 0.36.0, moz:headless: false, moz:platformVersion: 10.0, moz:processID: 27800, moz:profile: C:\Users\DEBOJI~1\AppData\L..., moz:shutdownTimeout: 60000, moz:webdriverClick: true, moz:windowless: false, pageLoadStrategy: normal, platformName: windows, proxy: Proxy(), setWindowRect: true, strictFileInteractability: false, timeouts: {implicit: 0, pageLoad: 300000, script: 30000}, unhandledPromptBehavior: dismiss and notify, userAgent: Mozilla/5.0 (Windows NT 10....}
Session ID: 1f78ac5d-fa69-4863-9731-a360ecae21e9" type="org.openqa.selenium.TimeoutException">
      <![CDATA[org.openqa.selenium.TimeoutException: Expected condition failed: waiting for element to be clickable: By.xpath: //button[contains(text(),'All Months')] (tried for 10 second(s) with 500 milliseconds interval)
Build info: version: '4.39.0', revision: '126f156aee'
System info: os.name: 'Windows 11', os.arch: 'amd64', os.version: '10.0', java.version: '17.0.12'
Driver info: org.openqa.selenium.firefox.FirefoxDriver
Capabilities {acceptInsecureCerts: true, browserName: firefox, browserVersion: 147.0.1, moz:accessibilityChecks: false, moz:buildID: 20260116091309, moz:geckodriverVersion: 0.36.0, moz:headless: false, moz:platformVersion: 10.0, moz:processID: 27800, moz:profile: C:\Users\DEBOJI~1\AppData\L..., moz:shutdownTimeout: 60000, moz:webdriverClick: true, moz:windowless: false, pageLoadStrategy: normal, platformName: windows, proxy: Proxy(), setWindowRect: true, strictFileInteractability: false, timeouts: {implicit: 0, pageLoad: 300000, script: 30000}, unhandledPromptBehavior: dismiss and notify, userAgent: Mozilla/5.0 (Windows NT 10....}
Session ID: 1f78ac5d-fa69-4863-9731-a360ecae21e9
at org.openqa.selenium.support.ui.WebDriverWait.timeoutException(WebDriverWait.java:84)
at org.openqa.selenium.support.ui.FluentWait.until(FluentWait.java:228)
at com.ibm.framework.base.BasePage.waitForClickable(BasePage.java:22)
at com.ibm.framework.base.BasePage.click(BasePage.java:26)
at com.ibm.banking.pages.InsightsPage.clickFilterByMonth(InsightsPage.java:46)
at com.ibm.banking.stepdefinitions.InsightsSteps.user_clicks_filter_by_month(InsightsSteps.java:58)
at ✽.the user clicks on Filter by Month(file:///C:/Users/DebojitBhattacharjee/eclipse-automation-workspace/com.ibm.BankingProject/src/test/resources/features/insights.feature:15)
]]>
    </error>
  </testcase> <!-- runScenario -->
  <testcase classname="com.ibm.banking.runners.TestRunner" name="runScenario" time="21.387">
    <error message="Expected condition failed: waiting for element to be clickable: By.xpath: //a[contains(text(),&#039;View All Transactions&#039;)] (tried for 10 second(s) with 500 milliseconds interval)
Build info: version: &#039;4.39.0&#039;, revision: &#039;126f156aee&#039;
System info: os.name: &#039;Windows 11&#039;, os.arch: &#039;amd64&#039;, os.version: &#039;10.0&#039;, java.version: &#039;17.0.12&#039;
Driver info: org.openqa.selenium.firefox.FirefoxDriver
Capabilities {acceptInsecureCerts: true, browserName: firefox, browserVersion: 147.0.1, moz:accessibilityChecks: false, moz:buildID: 20260116091309, moz:geckodriverVersion: 0.36.0, moz:headless: false, moz:platformVersion: 10.0, moz:processID: 26436, moz:profile: C:\Users\DEBOJI~1\AppData\L..., moz:shutdownTimeout: 60000, moz:webdriverClick: true, moz:windowless: false, pageLoadStrategy: normal, platformName: windows, proxy: Proxy(), setWindowRect: true, strictFileInteractability: false, timeouts: {implicit: 0, pageLoad: 300000, script: 30000}, unhandledPromptBehavior: dismiss and notify, userAgent: Mozilla/5.0 (Windows NT 10....}
Session ID: c3774e66-ba40-4a22-b232-fdbd98e80fb2" type="org.openqa.selenium.TimeoutException">
      <![CDATA[org.openqa.selenium.TimeoutException: Expected condition failed: waiting for element to be clickable: By.xpath: //a[contains(text(),'View All Transactions')] (tried for 10 second(s) with 500 milliseconds interval)
Build info: version: '4.39.0', revision: '126f156aee'
System info: os.name: 'Windows 11', os.arch: 'amd64', os.version: '10.0', java.version: '17.0.12'
Driver info: org.openqa.selenium.firefox.FirefoxDriver
Capabilities {acceptInsecureCerts: true, browserName: firefox, browserVersion: 147.0.1, moz:accessibilityChecks: false, moz:buildID: 20260116091309, moz:geckodriverVersion: 0.36.0, moz:headless: false, moz:platformVersion: 10.0, moz:processID: 26436, moz:profile: C:\Users\DEBOJI~1\AppData\L..., moz:shutdownTimeout: 60000, moz:webdriverClick: true, moz:windowless: false, pageLoadStrategy: normal, platformName: windows, proxy: Proxy(), setWindowRect: true, strictFileInteractability: false, timeouts: {implicit: 0, pageLoad: 300000, script: 30000}, unhandledPromptBehavior: dismiss and notify, userAgent: Mozilla/5.0 (Windows NT 10....}
Session ID: c3774e66-ba40-4a22-b232-fdbd98e80fb2
at org.openqa.selenium.support.ui.WebDriverWait.timeoutException(WebDriverWait.java:84)
at org.openqa.selenium.support.ui.FluentWait.until(FluentWait.java:228)
at com.ibm.framework.base.BasePage.waitForClickable(BasePage.java:22)
at com.ibm.framework.base.BasePage.click(BasePage.java:26)
at com.ibm.banking.pages.InsightsPage.clickViewAllTransactions(InsightsPage.java:38)
at com.ibm.banking.stepdefinitions.InsightsSteps.user_clicks_view_all_transactions(InsightsSteps.java:45)
at ✽.the user clicks on View All Transactions(file:///C:/Users/DebojitBhattacharjee/eclipse-automation-workspace/com.ibm.BankingProject/src/test/resources/features/insights.feature:11)
]]>
    </error>
  </testcase> <!-- runScenario -->
  <testcase classname="com.ibm.banking.runners.TestRunner" name="runScenario" time="12.807"/>
  <testcase classname="com.ibm.banking.runners.TestRunner" name="runScenario" time="12.189"/>
  <testcase classname="com.ibm.banking.runners.TestRunner" name="runScenario" time="7.666"/>
  <testcase classname="com.ibm.banking.runners.TestRunner" name="runScenario" time="7.250"/>
</testsuite> <!-- com.ibm.banking.runners.TestRunner -->
